2025-01-19 02:03:01 error: [Cake\Database\Exception\DatabaseException] SQLSTATE[42S02]: Base table or view not found: 1146 Table 'resumeproject.applications' doesn't exist in C:\laragon\www\resumeproject\vendor\cakephp\cakephp\src\Database\Schema\Collection.php on line 158
Stack Trace:
- C:\laragon\www\resumeproject\vendor\cakephp\cakephp\src\Database\Schema\Collection.php:116
- C:\laragon\www\resumeproject\vendor\cakephp\cakephp\src\ORM\Table.php:544
- C:\laragon\www\resumeproject\vendor\cakephp\bake\src\Command\ModelCommand.php:116
- C:\laragon\www\resumeproject\vendor\cakephp\bake\src\Command\ModelCommand.php:99
- C:\laragon\www\resumeproject\vendor\cakephp\bake\src\Command\AllCommand.php:115
- C:\laragon\www\resumeproject\vendor\cakephp\cakephp\src\Console\BaseCommand.php:192
- C:\laragon\www\resumeproject\vendor\cakephp\cakephp\src\Console\CommandRunner.php:327
- C:\laragon\www\resumeproject\vendor\cakephp\cakephp\src\Console\CommandRunner.php:168
- C:\laragon\www\resumeproject\bin\cake.php:10
- [main]:

Caused by: [PDOException] SQLSTATE[42S02]: Base table or view not found: 1146 Table 'resumeproject.applications' doesn't exist in C:\laragon\www\resumeproject\vendor\cakephp\cakephp\src\Database\Statement\Statement.php on line 159
Stack Trace:
- C:\laragon\www\resumeproject\vendor\cakephp\cakephp\src\Database\Statement\Statement.php:159
- C:\laragon\www\resumeproject\vendor\cakephp\cakephp\src\Database\Driver.php:313
- C:\laragon\www\resumeproject\vendor\cakephp\cakephp\src\Database\Driver.php:282
- C:\laragon\www\resumeproject\vendor\cakephp\cakephp\src\Database\Connection.php:251
- C:\laragon\www\resumeproject\vendor\cakephp\cakephp\src\Core\Retry\CommandRetry.php:71
- C:\laragon\www\resumeproject\vendor\cakephp\cakephp\src\Database\Connection.php:251
- C:\laragon\www\resumeproject\vendor\cakephp\cakephp\src\Database\Schema\Collection.php:156
- C:\laragon\www\resumeproject\vendor\cakephp\cakephp\src\Database\Schema\Collection.php:116
- C:\laragon\www\resumeproject\vendor\cakephp\cakephp\src\ORM\Table.php:544
- C:\laragon\www\resumeproject\vendor\cakephp\bake\src\Command\ModelCommand.php:116
- C:\laragon\www\resumeproject\vendor\cakephp\bake\src\Command\ModelCommand.php:99
- C:\laragon\www\resumeproject\vendor\cakephp\bake\src\Command\AllCommand.php:115
- C:\laragon\www\resumeproject\vendor\cakephp\cakephp\src\Console\BaseCommand.php:192
- C:\laragon\www\resumeproject\vendor\cakephp\cakephp\src\Console\CommandRunner.php:327
- C:\laragon\www\resumeproject\vendor\cakephp\cakephp\src\Console\CommandRunner.php:168
- C:\laragon\www\resumeproject\bin\cake.php:10
- [main]:

2025-01-20 03:00:15 error: [Cake\Database\Exception\DatabaseException] SQLSTATE[42S02]: Base table or view not found: 1146 Table 'resumeproject.experinces' doesn't exist in C:\laragon\www\resumeproject\vendor\cakephp\cakephp\src\Database\Schema\Collection.php on line 158
Stack Trace:
- C:\laragon\www\resumeproject\vendor\cakephp\cakephp\src\Database\Schema\Collection.php:116
- C:\laragon\www\resumeproject\vendor\cakephp\cakephp\src\ORM\Table.php:544
- C:\laragon\www\resumeproject\vendor\cakephp\bake\src\Command\ModelCommand.php:116
- C:\laragon\www\resumeproject\vendor\cakephp\bake\src\Command\ModelCommand.php:99
- C:\laragon\www\resumeproject\vendor\cakephp\cakephp\src\Console\BaseCommand.php:192
- C:\laragon\www\resumeproject\vendor\cakephp\cakephp\src\Console\CommandRunner.php:327
- C:\laragon\www\resumeproject\vendor\cakephp\cakephp\src\Console\CommandRunner.php:168
- C:\laragon\www\resumeproject\bin\cake.php:10
- [main]:

Caused by: [PDOException] SQLSTATE[42S02]: Base table or view not found: 1146 Table 'resumeproject.experinces' doesn't exist in C:\laragon\www\resumeproject\vendor\cakephp\cakephp\src\Database\Statement\Statement.php on line 159
Stack Trace:
- C:\laragon\www\resumeproject\vendor\cakephp\cakephp\src\Database\Statement\Statement.php:159
- C:\laragon\www\resumeproject\vendor\cakephp\cakephp\src\Database\Driver.php:313
- C:\laragon\www\resumeproject\vendor\cakephp\cakephp\src\Database\Driver.php:282
- C:\laragon\www\resumeproject\vendor\cakephp\cakephp\src\Database\Connection.php:251
- C:\laragon\www\resumeproject\vendor\cakephp\cakephp\src\Core\Retry\CommandRetry.php:71
- C:\laragon\www\resumeproject\vendor\cakephp\cakephp\src\Database\Connection.php:251
- C:\laragon\www\resumeproject\vendor\cakephp\cakephp\src\Database\Schema\Collection.php:156
- C:\laragon\www\resumeproject\vendor\cakephp\cakephp\src\Database\Schema\Collection.php:116
- C:\laragon\www\resumeproject\vendor\cakephp\cakephp\src\ORM\Table.php:544
- C:\laragon\www\resumeproject\vendor\cakephp\bake\src\Command\ModelCommand.php:116
- C:\laragon\www\resumeproject\vendor\cakephp\bake\src\Command\ModelCommand.php:99
- C:\laragon\www\resumeproject\vendor\cakephp\cakephp\src\Console\BaseCommand.php:192
- C:\laragon\www\resumeproject\vendor\cakephp\cakephp\src\Console\CommandRunner.php:327
- C:\laragon\www\resumeproject\vendor\cakephp\cakephp\src\Console\CommandRunner.php:168
- C:\laragon\www\resumeproject\bin\cake.php:10
- [main]:

